 
Ansys Electronics Desktop Version 2022.1.0, Build: 2021-11-22 22:18:25
Location: C:\Program Files\AnsysEM\v221\Win64\ansysedt.exe
Batch Script: C:/Users/jhoward/Desktop/QSM/Example/ThreeQubit/capMat/capMatExtractor_Simulator.py
Starting Batch Run: 9:56:51 PM  Aug 22, 2022
Running as user: LAB\jhoward
Temp directory: C:\Users\tai\AppData\Local\Temp
Project directory: C:\Users\jhoward\Documents\Ansoft
[error] Project:capMatExtractor, Design:capMatExtractor, Error - %1 'ThinCondQ0Pad1' and %3 'ThinCondG0' overlap.   (9:57:13 PM  Aug 22, 2022)
[error] Project:capMatExtractor, Design:capMatExtractor, Error - Net 'Q0Pad1' and Net 'GroundNet1' overlap.   (9:57:13 PM  Aug 22, 2022)
[error] Project:capMatExtractor, Design:capMatExtractor, Net 'GroundNet1': Incorrect net. Net should contain a completely connected conductor (9:57:13 PM  Aug 22, 2022)
[error] Project:capMatExtractor, Design:capMatExtractor, Simulation completed with execution error on server: Local Machine. (9:57:13 PM  Aug 22, 2022)
[error] Project:capMatExtractor, Design:capMatExtractor, Script macro error: Simulation for capMatExtractor : capMatExtractor has failed with execution error.  (9:57:13 PM  Aug 22, 2022)
[error] Error in command execution
[error] Exception: AnalyzeAll()() - call failed. Logs or message window might have more details
In file "C:/Users/jhoward/Desktop/QSM/Example/ThreeQubit/capMat/capMatExtractor_Simulator.py", line 2911 ---- While executing script: C:/Users/jhoward/Desktop/QSM/Example/ThreeQubit/capMat/capMatExtractor_Simulator.py
Stopping Batch Run: 9:57:14 PM  Aug 22, 2022
 
Ansys Electronics Desktop Version 2022.1.0, Build: 2021-11-22 22:18:25
Location: C:\Program Files\AnsysEM\v221\Win64\ansysedt.exe
Batch Script: C:/Users/jhoward/Desktop/QSM/Example/ThreeQubit/capMat/capMatExtractor_Simulator.py
Starting Batch Run: 10:47:36 AM  Aug 23, 2022
Running as user: LAB\jhoward
Temp directory: C:\Users\tai\AppData\Local\Temp
Project directory: C:\Users\jhoward\Documents\Ansoft
Stopping Batch Run: 10:47:54 AM  Aug 23, 2022
 
Ansys Electronics Desktop Version 2022.1.0, Build: 2021-11-22 22:18:25
Location: C:\Program Files\AnsysEM\v221\Win64\ansysedt.exe
Batch Script: C:/Users/jhoward/Desktop/QSM/Example/ThreeQubit/capMat/capMatExtractor_Simulator.py
Starting Batch Run: 10:54:14 AM  Aug 23, 2022
Running as user: LAB\jhoward
Temp directory: C:\Users\tai\AppData\Local\Temp
Project directory: C:\Users\jhoward\Documents\Ansoft
Stopping Batch Run: 10:54:33 AM  Aug 23, 2022
 
Ansys Electronics Desktop Version 2022.1.0, Build: 2021-11-22 22:18:25
Location: C:\Program Files\AnsysEM\v221\Win64\ansysedt.exe
Batch Script: C:/Users/jhoward/Desktop/QSM/Example/ThreeQubit/capMat/capMatExtractor_Simulator.py
Starting Batch Run: 10:55:02 AM  Aug 23, 2022
Running as user: LAB\jhoward
Temp directory: C:\Users\tai\AppData\Local\Temp
Project directory: C:\Users\jhoward\Documents\Ansoft
Stopping Batch Run: 10:55:21 AM  Aug 23, 2022
 
Ansys Electronics Desktop Version 2022.1.0, Build: 2021-11-22 22:18:25
Location: C:\Program Files\AnsysEM\v221\Win64\ansysedt.exe
Batch Script: C:/Users/jhoward/Desktop/QSM/Example/ThreeQubit/capMat/capMatExtractor_Simulator.py
Starting Batch Run: 10:58:21 AM  Aug 23, 2022
Running as user: LAB\jhoward
Temp directory: C:\Users\tai\AppData\Local\Temp
Project directory: C:\Users\jhoward\Documents\Ansoft
Stopping Batch Run: 10:58:40 AM  Aug 23, 2022
 
Ansys Electronics Desktop Version 2022.1.0, Build: 2021-11-22 22:18:25
Location: C:\Program Files\AnsysEM\v221\Win64\ansysedt.exe
Batch Script: C:/Users/jhoward/Desktop/QSM/Example/ThreeQubit/capMat/capMatExtractor_Simulator.py
Starting Batch Run: 11:05:19 AM  Aug 23, 2022
Running as user: LAB\jhoward
Temp directory: C:\Users\tai\AppData\Local\Temp
Project directory: C:\Users\jhoward\Documents\Ansoft
Stopping Batch Run: 11:05:38 AM  Aug 23, 2022
