(status): Nexxim version: 2022.1.0 WIN64, build time: Nov 22 2021, 22:38:43

(status): Analyzing C:/Users/jhoward/Desktop/QSM/Example/TwoQubit/BBQ/Y_BBQ.aedtresults/Netlist/temp/DV2_S0_V0.cir.
(info): Processing circuit for new analysis.
omp(status): Requested number of threads in UI setting is 1
omp(warning): The num_threads set in netlist is ignored.
circuit_details(status): Total device types: 5
device type                                       number of devices
----------------------------------------------------------------------
capacitor                                         38
inductor                                          2
port_impedance                                    2
resistor                                          2
transmission_line                                 5
(status): License checkout took 0.425 seconds.
diagnostics(warning): No DC path to ground from node net_q0pad1.
(status): Reached the limit (1) for maximum number of warning messages in message manager.
(info): See simulation logfile for a complete list of warning messages.
diagnostics(warning): No DC path to ground from node net_q0pad2.
diagnostics(warning): No DC path to ground from node net_q1pad1.
diagnostics(warning): No DC path to ground from node net_q1pad2.
(info): Starting analysis type LNA.
analysis:dc(status): Total DC newton iterations = 4, DC conv = 1.
analysis:small_signal(status): Detected 4 floating nodes
analysis:small_signal(status): Setting beta to 1e-12. The default is 0. Use .option small_signal.beta=value to change to value
(status): LNA cpu time = 0.042
(info): Simulation succeeded. Total simulator time: 0:00:00
(status): Start Time:  08/28/2022 22:01:54, End Time:  08/28/2022 22:01:54, Host LABWIN002, 
