 
Ansys Electronics Desktop Version 2022.1.0, Build: 2021-11-22 22:18:25
Location: C:\Program Files\AnsysEM\v221\Win64\ansysedt.exe
Batch Script: C:/Users/jhoward/Desktop/8Q/HFSSModel/HFSSModel_Simulator.py
Starting Batch Run: 10:35:47 PM  Dec 18, 2022
Running as user: LAB\jhoward
Temp directory: D:\Temp
Project directory: C:\Users\jhoward\Documents\Ansoft
Stopping Batch Run: 10:36:19 PM  Dec 18, 2022
 
Ansys Electronics Desktop Version 2022.1.0, Build: 2021-11-22 22:18:25
Location: C:\Program Files\AnsysEM\v221\Win64\ansysedt.exe
Batch Script: C:/Users/jhoward/Desktop/8Q/HFSSModel/HFSSModel_Simulator.py
Starting Batch Run: 10:43:31 PM  Dec 18, 2022
Running as user: LAB\jhoward
Temp directory: D:\Temp
Project directory: C:\Users\jhoward\Documents\Ansoft
Stopping Batch Run: 10:44:01 PM  Dec 18, 2022
 
Ansys Electronics Desktop Version 2022.1.0, Build: 2021-11-22 22:18:25
Location: C:\Program Files\AnsysEM\v221\Win64\ansysedt.exe
Batch Script: C:/Users/jhoward/Desktop/8Q/HFSSModel/HFSSModel_Simulator.py
Starting Batch Run: 10:46:12 PM  Dec 18, 2022
Running as user: LAB\jhoward
Temp directory: D:\Temp
Project directory: C:\Users\jhoward\Documents\Ansoft
Stopping Batch Run: 10:46:49 PM  Dec 18, 2022
