 
Ansys Electronics Desktop Version 2022.1.0, Build: 2021-11-22 22:18:25
Location: C:\Program Files\AnsysEM\v221\Win64\ansysedt.exe
Batch Script: C:/Users/jhoward/Desktop/8Q/BBQ/Y_BBQ_ansysRunSimulator.py
Starting Batch Run: 11:35:41 PM  Dec 18, 2022
Running as user: LAB\jhoward
Temp directory: D:\Temp
Project directory: C:\Users\jhoward\Documents\Ansoft
[info] Project:Y_BBQ, Design:Netlist, (info): Processing circuit for new analysis. (11:35:51 PM  Dec 18, 2022)
[warning] Project:Y_BBQ, Design:Netlist, omp(warning): The num_threads set in netlist is ignored. (11:35:51 PM  Dec 18, 2022)
[warning] Project:Y_BBQ, Design:Netlist, diagnostics(warning): No DC path to ground from node net_q0pad1. (11:35:51 PM  Dec 18, 2022)
[info] Project:Y_BBQ, Design:Netlist, (info): See simulation logfile for a complete list of warning messages. (11:35:51 PM  Dec 18, 2022)
[info] Project:Y_BBQ, Design:Netlist, (info): Starting analysis type LNA. (11:35:51 PM  Dec 18, 2022)
[info] Project:Y_BBQ, Design:Netlist, (info): Simulation succeeded. Total simulator time: 0:00:00 (11:35:52 PM  Dec 18, 2022)
Stopping Batch Run: 11:35:56 PM  Dec 18, 2022
 
Ansys Electronics Desktop Version 2022.1.0, Build: 2021-11-22 22:18:25
Location: C:\Program Files\AnsysEM\v221\Win64\ansysedt.exe
Batch Script: C:/Users/jhoward/Desktop/8Q/BBQ/Y_BBQ_ansysRunSimulator.py
Starting Batch Run: 11:37:16 PM  Dec 18, 2022
Running as user: LAB\jhoward
Temp directory: D:\Temp
Project directory: C:\Users\jhoward\Documents\Ansoft
[info] Project:Y_BBQ, Design:Netlist, (info): Processing circuit for new analysis. (11:37:26 PM  Dec 18, 2022)
[warning] Project:Y_BBQ, Design:Netlist, omp(warning): The num_threads set in netlist is ignored. (11:37:26 PM  Dec 18, 2022)
[warning] Project:Y_BBQ, Design:Netlist, diagnostics(warning): No DC path to ground from node net_q0pad1. (11:37:27 PM  Dec 18, 2022)
[info] Project:Y_BBQ, Design:Netlist, (info): See simulation logfile for a complete list of warning messages. (11:37:27 PM  Dec 18, 2022)
[info] Project:Y_BBQ, Design:Netlist, (info): Starting analysis type LNA. (11:37:27 PM  Dec 18, 2022)
[info] Project:Y_BBQ, Design:Netlist, (info): Simulation succeeded. Total simulator time: 0:00:00 (11:37:27 PM  Dec 18, 2022)
Stopping Batch Run: 11:37:31 PM  Dec 18, 2022
 
Ansys Electronics Desktop Version 2022.1.0, Build: 2021-11-22 22:18:25
Location: C:\Program Files\AnsysEM\v221\Win64\ansysedt.exe
Batch Script: C:/Users/jhoward/Desktop/8Q/BBQ/Y_BBQ_ansysRunSimulator.py
Starting Batch Run: 11:38:27 PM  Dec 18, 2022
Running as user: LAB\jhoward
Temp directory: D:\Temp
Project directory: C:\Users\jhoward\Documents\Ansoft
[info] Project:Y_BBQ, Design:Netlist, (info): Processing circuit for new analysis. (11:38:35 PM  Dec 18, 2022)
[warning] Project:Y_BBQ, Design:Netlist, omp(warning): The num_threads set in netlist is ignored. (11:38:35 PM  Dec 18, 2022)
[warning] Project:Y_BBQ, Design:Netlist, diagnostics(warning): No DC path to ground from node net_q0pad1. (11:38:35 PM  Dec 18, 2022)
[info] Project:Y_BBQ, Design:Netlist, (info): See simulation logfile for a complete list of warning messages. (11:38:35 PM  Dec 18, 2022)
[info] Project:Y_BBQ, Design:Netlist, (info): Starting analysis type LNA. (11:38:35 PM  Dec 18, 2022)
[info] Project:Y_BBQ, Design:Netlist, (info): Simulation succeeded. Total simulator time: 0:00:00 (11:38:35 PM  Dec 18, 2022)
Stopping Batch Run: 11:38:44 PM  Dec 18, 2022
