 
ANSYS Electronics Desktop Version 2021.1.0, Build: 2020-11-16 21:28:10
Location: /sw/apps/ansys/ansysEM/AnsysEM21.1/Linux64/ansysedt.exe
Batch Script: /beegfs/scratch/joelhoward/QSMSimulations/QSMSource/Example/TwoQubit/lumpedR0/Y11R0_ansysRunSimulator.py
Starting Batch Run: 10:36:23 AM  May 12, 2021
A new installation of your ANSYS product has been detected.  
The library directories have been reset to those of the newly installed libraries.  
To change this, go to Tools/Options/General Options.
Temp directory: /tmp
Project directory: /u/eu/an/joelhoward/Ansoft
[info] Project:Y11R0, Design:Netlist, (info): Processing circuit for new analysis. (10:36:39 AM  May 12, 2021)
[warning] Project:Y11R0, Design:Netlist, omp(warning): The num_threads set in netlist is ignored. (10:36:39 AM  May 12, 2021)
[warning] Project:Y11R0, Design:Netlist, diagnostics(warning): No DC path to ground from node net_q0pad1. (10:36:41 AM  May 12, 2021)
[info] Project:Y11R0, Design:Netlist, (info): See simulation logfile for a complete list of warning messages. (10:36:41 AM  May 12, 2021)
[info] Project:Y11R0, Design:Netlist, (info): Starting analysis type LNA. (10:36:41 AM  May 12, 2021)
[info] Project:Y11R0, Design:Netlist, (info): Simulation succeeded. Total simulator time: 0:00:01 (10:36:41 AM  May 12, 2021)
Stopping Batch Run: 10:36:43 AM  May 12, 2021
 
ANSYS Electronics Desktop Version 2021.1.0, Build: 2020-11-16 21:28:10
Location: /sw/apps/ansys/ansysEM/AnsysEM21.1/Linux64/ansysedt.exe
Batch Script: /beegfs/scratch/joelhoward/QSMSimulations/QSMSource/Example/TwoQubit/lumpedR0/Y11R0_ansysRunSimulator.py
Starting Batch Run: 10:45:00 AM  May 12, 2021
A new installation of your ANSYS product has been detected.  
The library directories have been reset to those of the newly installed libraries.  
To change this, go to Tools/Options/General Options.
Temp directory: /tmp
Project directory: /u/eu/an/joelhoward/Ansoft
[info] Project:Y11R0, Design:Netlist, (info): Processing circuit for new analysis. (10:45:15 AM  May 12, 2021)
[warning] Project:Y11R0, Design:Netlist, omp(warning): The num_threads set in netlist is ignored. (10:45:15 AM  May 12, 2021)
[warning] Project:Y11R0, Design:Netlist, diagnostics(warning): No DC path to ground from node net_q0pad1. (10:45:16 AM  May 12, 2021)
[info] Project:Y11R0, Design:Netlist, (info): See simulation logfile for a complete list of warning messages. (10:45:16 AM  May 12, 2021)
[info] Project:Y11R0, Design:Netlist, (info): Starting analysis type LNA. (10:45:16 AM  May 12, 2021)
[info] Project:Y11R0, Design:Netlist, (info): Simulation succeeded. Total simulator time: 0:00:01 (10:45:16 AM  May 12, 2021)
Stopping Batch Run: 10:45:18 AM  May 12, 2021
 
ANSYS Electronics Desktop Version 2021.1.0, Build: 2020-11-16 21:28:10
Location: /sw/apps/ansys/ansysEM/AnsysEM21.1/Linux64/ansysedt.exe
Batch Script: /beegfs/scratch/joelhoward/QSMSimulations/QSMSource/Example/TwoQubit/lumpedR0/Y11R0_ansysRunSimulator.py
Starting Batch Run: 10:49:21 AM  May 12, 2021
A new installation of your ANSYS product has been detected.  
The library directories have been reset to those of the newly installed libraries.  
To change this, go to Tools/Options/General Options.
Temp directory: /tmp
Project directory: /u/eu/an/joelhoward/Ansoft
[info] Project:Y11R0, Design:Netlist, (info): Processing circuit for new analysis. (10:49:38 AM  May 12, 2021)
[warning] Project:Y11R0, Design:Netlist, omp(warning): The num_threads set in netlist is ignored. (10:49:38 AM  May 12, 2021)
[warning] Project:Y11R0, Design:Netlist, diagnostics(warning): No DC path to ground from node net_q0pad1. (10:49:39 AM  May 12, 2021)
[info] Project:Y11R0, Design:Netlist, (info): See simulation logfile for a complete list of warning messages. (10:49:39 AM  May 12, 2021)
[info] Project:Y11R0, Design:Netlist, (info): Starting analysis type LNA. (10:49:39 AM  May 12, 2021)
[info] Project:Y11R0, Design:Netlist, (info): Simulation succeeded. Total simulator time: 0:00:01 (10:49:39 AM  May 12, 2021)
Stopping Batch Run: 10:49:41 AM  May 12, 2021
 
ANSYS Electronics Desktop Version 2021.1.0, Build: 2020-11-16 21:28:10
Location: /sw/apps/ansys/ansysEM/AnsysEM21.1/Linux64/ansysedt.exe
Batch Script: /beegfs/scratch/joelhoward/QSMSimulations/QSMSource/Example/TwoQubit/lumpedR0/Y11R0_ansysRunSimulator.py
Starting Batch Run: 10:49:54 AM  May 12, 2021
Temp directory: /tmp
Project directory: /u/eu/an/joelhoward/Ansoft
[info] Project:Y11R0, Design:Netlist, (info): Processing circuit for new analysis. (10:50:09 AM  May 12, 2021)
[warning] Project:Y11R0, Design:Netlist, omp(warning): The num_threads set in netlist is ignored. (10:50:09 AM  May 12, 2021)
[warning] Project:Y11R0, Design:Netlist, diagnostics(warning): No DC path to ground from node net_q0pad1. (10:50:11 AM  May 12, 2021)
[info] Project:Y11R0, Design:Netlist, (info): See simulation logfile for a complete list of warning messages. (10:50:11 AM  May 12, 2021)
[info] Project:Y11R0, Design:Netlist, (info): Starting analysis type LNA. (10:50:11 AM  May 12, 2021)
[info] Project:Y11R0, Design:Netlist, (info): Simulation succeeded. Total simulator time: 0:00:01 (10:50:11 AM  May 12, 2021)
Stopping Batch Run: 10:50:13 AM  May 12, 2021
 
ANSYS Electronics Desktop Version 2021.1.0, Build: 2020-11-16 21:28:10
Location: /sw/apps/ansys/ansysEM/AnsysEM21.1/Linux64/ansysedt.exe
Batch Script: /beegfs/scratch/joelhoward/QSMSimulations/QSMSource/Example/TwoQubit/lumpedR0/Y11R0_ansysRunSimulator.py
Starting Batch Run: 10:51:28 AM  May 12, 2021
Temp directory: /tmp
Project directory: /u/eu/an/joelhoward/Ansoft
[info] Project:Y11R0, Design:Netlist, (info): Processing circuit for new analysis. (10:51:48 AM  May 12, 2021)
[warning] Project:Y11R0, Design:Netlist, omp(warning): The num_threads set in netlist is ignored. (10:51:48 AM  May 12, 2021)
[warning] Project:Y11R0, Design:Netlist, diagnostics(warning): No DC path to ground from node net_q0pad1. (10:51:50 AM  May 12, 2021)
[info] Project:Y11R0, Design:Netlist, (info): See simulation logfile for a complete list of warning messages. (10:51:50 AM  May 12, 2021)
[info] Project:Y11R0, Design:Netlist, (info): Starting analysis type LNA. (10:51:50 AM  May 12, 2021)
[info] Project:Y11R0, Design:Netlist, (info): Simulation succeeded. Total simulator time: 0:00:01 (10:51:50 AM  May 12, 2021)
Stopping Batch Run: 10:51:52 AM  May 12, 2021
 
ANSYS Electronics Desktop Version 2021.1.0, Build: 2020-11-16 21:28:10
Location: /sw/apps/ansys/ansysEM/AnsysEM21.1/Linux64/ansysedt.exe
Batch Script: /beegfs/scratch/joelhoward/QSMSimulations/QSMSource/Example/TwoQubit/lumpedR0/Y11R0_ansysRunSimulator.py
Starting Batch Run: 10:52:18 AM  May 12, 2021
Temp directory: /tmp
Project directory: /u/eu/an/joelhoward/Ansoft
[info] Project:Y11R0, Design:Netlist, (info): Processing circuit for new analysis. (10:52:32 AM  May 12, 2021)
[warning] Project:Y11R0, Design:Netlist, omp(warning): The num_threads set in netlist is ignored. (10:52:32 AM  May 12, 2021)
[warning] Project:Y11R0, Design:Netlist, diagnostics(warning): No DC path to ground from node net_q0pad1. (10:52:34 AM  May 12, 2021)
[info] Project:Y11R0, Design:Netlist, (info): See simulation logfile for a complete list of warning messages. (10:52:34 AM  May 12, 2021)
[info] Project:Y11R0, Design:Netlist, (info): Starting analysis type LNA. (10:52:34 AM  May 12, 2021)
[info] Project:Y11R0, Design:Netlist, (info): Simulation succeeded. Total simulator time: 0:00:01 (10:52:34 AM  May 12, 2021)
Stopping Batch Run: 10:52:36 AM  May 12, 2021
 
ANSYS Electronics Desktop Version 2021.1.0, Build: 2020-11-16 21:28:10
Location: /sw/apps/ansys/ansysEM/AnsysEM21.1/Linux64/ansysedt.exe
Batch Script: /beegfs/scratch/joelhoward/QSMSimulations/QSMSource/Example/TwoQubit/lumpedR0/Y11R0_ansysRunSimulator.py
Starting Batch Run: 10:56:33 AM  May 12, 2021
Temp directory: /tmp
Project directory: /u/eu/an/joelhoward/Ansoft
[info] Project:Y11R0, Design:Netlist, (info): Processing circuit for new analysis. (10:56:47 AM  May 12, 2021)
[warning] Project:Y11R0, Design:Netlist, omp(warning): The num_threads set in netlist is ignored. (10:56:47 AM  May 12, 2021)
[warning] Project:Y11R0, Design:Netlist, diagnostics(warning): No DC path to ground from node net_q0pad1. (10:56:49 AM  May 12, 2021)
[info] Project:Y11R0, Design:Netlist, (info): See simulation logfile for a complete list of warning messages. (10:56:49 AM  May 12, 2021)
[info] Project:Y11R0, Design:Netlist, (info): Starting analysis type LNA. (10:56:49 AM  May 12, 2021)
[info] Project:Y11R0, Design:Netlist, (info): Simulation succeeded. Total simulator time: 0:00:01 (10:56:49 AM  May 12, 2021)
Stopping Batch Run: 10:56:51 AM  May 12, 2021
 
ANSYS Electronics Desktop Version 2021.1.0, Build: 2020-11-16 21:28:10
Location: /sw/apps/ansys/ansysEM/AnsysEM21.1/Linux64/ansysedt.exe
Batch Script: /beegfs/scratch/joelhoward/QSMSimulations/QSMSource/Example/TwoQubit/lumpedR0/Y11R0_ansysRunSimulator.py
Starting Batch Run: 10:59:41 AM  May 12, 2021
Temp directory: /tmp
Project directory: /u/eu/an/joelhoward/Ansoft
[info] Project:Y11R0, Design:Netlist, (info): Processing circuit for new analysis. (10:59:55 AM  May 12, 2021)
[warning] Project:Y11R0, Design:Netlist, omp(warning): The num_threads set in netlist is ignored. (10:59:55 AM  May 12, 2021)
[warning] Project:Y11R0, Design:Netlist, diagnostics(warning): No DC path to ground from node net_q0pad1. (10:59:57 AM  May 12, 2021)
[info] Project:Y11R0, Design:Netlist, (info): See simulation logfile for a complete list of warning messages. (10:59:57 AM  May 12, 2021)
[info] Project:Y11R0, Design:Netlist, (info): Starting analysis type LNA. (10:59:57 AM  May 12, 2021)
[info] Project:Y11R0, Design:Netlist, (info): Simulation succeeded. Total simulator time: 0:00:01 (10:59:57 AM  May 12, 2021)
Stopping Batch Run: 10:59:59 AM  May 12, 2021
